# JRE version: Java(TM) SE Runtime Environment 18.9 (11.0.9+7) (build 11.0.9+7-LTS)
# Java VM: Java HotSpot(TM) 64-Bit Server VM 18.9 (11.0.9+7-LTS, mixed mode, tiered, compressed oops, g1 gc, windows-amd64)
Heap:
 garbage-first heap   total 58368K, used 15818K [0x0000000084200000, 0x0000000100000000)
  region size 1024K, 3 young (3072K), 0 survivors (0K)
 Metaspace       used 37406K, capacity 38735K, committed 38960K, reserved 1083392K
  class space    used 4616K, capacity 5134K, committed 5248K, reserved 1048576K
GC Heap History (10 events):
Event: 2.674 GC heap before
{Heap before GC invocations=1 (full 0):
 garbage-first heap   total 126976K, used 23460K [0x0000000084200000, 0x0000000100000000)
  region size 1024K, 21 young (21504K), 3 survivors (3072K)
 Metaspace       used 18536K, capacity 19146K, committed 19328K, reserved 1067008K
  class space    used 2136K, capacity 2367K, committed 2432K, reserved 1048576K
}
Event: 2.687 GC heap after
{Heap after GC invocations=2 (full 0):
 garbage-first heap   total 126976K, used 6554K [0x0000000084200000, 0x0000000100000000)
  region size 1024K, 2 young (2048K), 2 survivors (2048K)
 Metaspace       used 18536K, capacity 19146K, committed 19328K, reserved 1067008K
  class space    used 2136K, capacity 2367K, committed 2432K, reserved 1048576K
}
Event: 2.818 GC heap before
{Heap before GC invocations=2 (full 0):
 garbage-first heap   total 126976K, used 14746K [0x0000000084200000, 0x0000000100000000)
  region size 1024K, 12 young (12288K), 2 survivors (2048K)
 Metaspace       used 20511K, capacity 21165K, committed 21296K, reserved 1069056K
  class space    used 2362K, capacity 2618K, committed 2688K, reserved 1048576K
}
Event: 2.821 GC heap after
{Heap after GC invocations=3 (full 0):
 garbage-first heap   total 126976K, used 6878K [0x0000000084200000, 0x0000000100000000)
  region size 1024K, 2 young (2048K), 2 survivors (2048K)
 Metaspace       used 20511K, capacity 21165K, committed 21296K, reserved 1069056K
  class space    used 2362K, capacity 2618K, committed 2688K, reserved 1048576K
}
Event: 4.636 GC heap before
{Heap before GC invocations=4 (full 0):
 garbage-first heap   total 126976K, used 63198K [0x0000000084200000, 0x0000000100000000)
  region size 1024K, 57 young (58368K), 2 survivors (2048K)
 Metaspace       used 27904K, capacity 28855K, committed 29104K, reserved 1075200K
  class space    used 3383K, capacity 3750K, committed 3840K, reserved 1048576K
}
Event: 4.642 GC heap after
{Heap after GC invocations=5 (full 0):
 garbage-first heap   total 126976K, used 9662K [0x0000000084200000, 0x0000000100000000)
  region size 1024K, 5 young (5120K), 5 survivors (5120K)
 Metaspace       used 27904K, capacity 28855K, committed 29104K, reserved 1075200K
  class space    used 3383K, capacity 3750K, committed 3840K, reserved 1048576K
}
Event: 98.287 GC heap before
{Heap before GC invocations=5 (full 0):
 garbage-first heap   total 126976K, used 62910K [0x0000000084200000, 0x0000000100000000)
  region size 1024K, 59 young (60416K), 5 survivors (5120K)
 Metaspace       used 34591K, capacity 35815K, committed 35888K, reserved 1081344K
  class space    used 4238K, capacity 4716K, committed 4736K, reserved 1048576K
}
Event: 98.295 GC heap after
{Heap after GC invocations=6 (full 0):
 garbage-first heap   total 126976K, used 13167K [0x0000000084200000, 0x0000000100000000)
  region size 1024K, 8 young (8192K), 8 survivors (8192K)
 Metaspace       used 34591K, capacity 35815K, committed 35888K, reserved 1081344K
  class space    used 4238K, capacity 4716K, committed 4736K, reserved 1048576K
}
Event: 699.235 GC heap before
{Heap before GC invocations=7 (full 0):
 garbage-first heap   total 126976K, used 40815K [0x0000000084200000, 0x0000000100000000)
  region size 1024K, 36 young (36864K), 8 survivors (8192K)
 Metaspace       used 37398K, capacity 38665K, committed 38960K, reserved 1083392K
  class space    used 4614K, capacity 5132K, committed 5248K, reserved 1048576K
}
Event: 699.306 GC heap after
{Heap after GC invocations=8 (full 1):
 garbage-first heap   total 58368K, used 13770K [0x0000000084200000, 0x0000000100000000)
  region size 1024K, 0 young (0K), 0 survivors (0K)
 Metaspace       used 37398K, capacity 38665K, committed 38960K, reserved 1083392K
  class space    used 4614K, capacity 5132K, committed 5248K, reserved 1048576K
}

